<?xml version="1.0" encoding="UTF-8"?>
<!-- Generated by org.testng.reporters.JUnitReportReporter -->
<testsuite hostname="DESKTOP-88UM264" failures="0" tests="2" name="com.webservice.LoginTest" time="0.011" errors="0" timestamp="2022-04-27T12:28:06 IST" skipped="0">
  <testcase classname="com.webservice.LoginTest" name="loginTest" time="0.005"/>
  <system-out/>
  <testcase classname="com.webservice.LoginTest" name="LogoutTest" time="0.006"/>
  <system-out/>
</testsuite> <!-- com.webservice.LoginTest -->
