<?xml version="1.0" encoding="UTF-8"?>
<!-- Generated by org.testng.reporters.JUnitReportReporter -->
<testsuite hostname="DESKTOP-88UM264" failures="0" tests="1" name="com.webservice.VerifyTitleTest" time="8.347" errors="0" timestamp="2022-04-27T12:28:06 IST" skipped="0">
  <testcase classname="com.webservice.VerifyTitleTest" name="titleTest" time="8.347"/>
  <system-out/>
</testsuite> <!-- com.webservice.VerifyTitleTest -->
