<?xml version="1.0" encoding="UTF-8"?>
<!-- Generated by org.testng.reporters.JUnitReportReporter -->
<testsuite hostname="DESKTOP-88UM264" failures="0" tests="4" name="com.webservice.GroupDemoTest" time="0.010" errors="0" timestamp="2022-04-27T12:28:06 IST" skipped="0">
  <testcase classname="com.webservice.GroupDemoTest" name="bTest4" time="0.002"/>
  <system-out/>
  <testcase classname="com.webservice.GroupDemoTest" name="bTest3" time="0.003"/>
  <system-out/>
  <testcase classname="com.webservice.GroupDemoTest" name="aTest1" time="0.002"/>
  <system-out/>
  <testcase classname="com.webservice.GroupDemoTest" name="bTest2" time="0.003"/>
  <system-out/>
</testsuite> <!-- com.webservice.GroupDemoTest -->
