<?xml version="1.0" encoding="UTF-8"?>
<!-- Generated by org.testng.reporters.JUnitReportReporter -->
<testsuite hostname="DESKTOP-88UM264" failures="0" tests="4" name="com.webservice.DataProviderDemoTest" time="0.036" errors="0" timestamp="2022-04-27T12:28:06 IST" skipped="0">
  <testcase classname="com.webservice.DataProviderDemoTest" name="test" time="0.002"/>
  <system-out/>
  <testcase classname="com.webservice.DataProviderDemoTest" name="test" time="0.018"/>
  <system-out/>
  <testcase classname="com.webservice.DataProviderDemoTest" name="test" time="0.012"/>
  <system-out/>
  <testcase classname="com.webservice.DataProviderDemoTest" name="test" time="0.004"/>
  <system-out/>
</testsuite> <!-- com.webservice.DataProviderDemoTest -->
