<?xml version="1.0" encoding="UTF-8"?>
<!-- Generated by org.testng.reporters.JUnitReportReporter -->
<testsuite hostname="DESKTOP-88UM264" failures="0" tests="3" name="com.webservice.SkipDemoTest" time="0.010" errors="0" timestamp="2022-04-27T12:31:11 IST" skipped="3">
  <testcase classname="com.webservice.SkipDemoTest" name="skipTest3" time="0.007">
    <skipped/>
  </testcase> <!-- skipTest3 -->
  <system-out/>
  <testcase classname="com.webservice.SkipDemoTest" name="skipTest2" time="0.003">
    <skipped/>
  </testcase> <!-- skipTest2 -->
  <system-out/>
  <testcase classname="com.webservice.SkipDemoTest" name="skipTest1">
    <skipped/>
  </testcase> <!-- skipTest1 -->
  <system-out/>
</testsuite> <!-- com.webservice.SkipDemoTest -->
